<?xml version="1.0" encoding="UTF-8"?>
<!-- Generated by org.testng.reporters.JUnitXMLReporter -->
<testsuite ignored="0" hostname="DESKTOP-LFL4UKQ" failures="0" tests="3" name="Default test" time="0.117" errors="0" timestamp="2022-07-25T16:41:47 IST">
  <testcase classname="com.hyr.paralleltest.TestClass2" name="testMethod5" time="0.02"/>
  <testcase classname="com.hyr.paralleltest.TestClass2" name="testMethod6" time="0.002"/>
  <testcase classname="com.hyr.paralleltest.TestClass2" name="testMethod7" time="0.007"/>
</testsuite> <!-- Default test -->
