<?xml version="1.0" encoding="UTF-8"?>
<!-- Generated by org.testng.reporters.JUnitXMLReporter -->
<testsuite hostname="DESKTOP-T1TKO85" ignored="2" name="Home Loan" tests="1" failures="0" timestamp="26 Jun 2021 15:30:54 GMT" time="0.031" errors="0">
  <testcase name="webapihomeloan" time="0.016" classname="com.test.HomeLoan"/>
  <testcase name="giveaddress" time="0.0" classname="com.test.HomeLoan">
    <ignored/>
  </testcase> <!-- giveaddress -->
  <testcase name="checkprevioushome" time="0.0" classname="com.test.HomeLoan">
    <ignored/>
  </testcase> <!-- checkprevioushome -->
</testsuite> <!-- Home Loan -->
