<?xml version="1.0" encoding="UTF-8"?>
<!-- Generated by org.testng.reporters.JUnitXMLReporter -->
<testsuite hostname="DESKTOP-T1TKO85" ignored="2" name="Personal Loan" tests="1" failures="0" timestamp="26 Jun 2021 15:30:54 GMT" time="0.186" errors="0">
  <testcase name="webLoginPersonalLoan" time="0.043" classname="com.test.PersonalLoan"/>
  <testcase name="givePayslip" time="0.0" classname="com.test.PersonalLoan">
    <ignored/>
  </testcase> <!-- givePayslip -->
  <testcase name="givePersonalDetails" time="0.0" classname="com.test.PersonalLoan">
    <ignored/>
  </testcase> <!-- givePersonalDetails -->
</testsuite> <!-- Personal Loan -->
