<?xml version="1.0" encoding="UTF-8"?>
<!-- Generated by org.testng.reporters.JUnitXMLReporter -->
<testsuite ignored="0" hostname="DESKTOP-LFL4UKQ" failures="0" tests="4" name="Test2" time="0.034" errors="0" timestamp="2022-07-25T17:39:50 IST">
  <testcase classname="com.hyr.paralleltest.TestClass3" name="testMethod10" time="0.002"/>
  <testcase classname="com.hyr.paralleltest.TestClass3" name="testMethod11" time="0.002"/>
  <testcase classname="com.hyr.paralleltest.TestClass3" name="testMethod8" time="0.001"/>
  <testcase classname="com.hyr.paralleltest.TestClass3" name="testMethod9" time="0.002"/>
</testsuite> <!-- Test2 -->
