<?xml version="1.0" encoding="UTF-8"?>
<!-- Generated by org.testng.reporters.JUnitXMLReporter -->
<testsuite ignored="0" hostname="DESKTOP-LFL4UKQ" failures="0" tests="7" name="Test1" time="0.125" errors="0" timestamp="2022-07-25T17:39:50 IST">
  <testcase classname="com.hyr.paralleltest.TestClass1" name="testMethod2" time="0.014"/>
  <testcase classname="com.hyr.paralleltest.TestClass1" name="testMethod1" time="0.014"/>
  <testcase classname="com.hyr.paralleltest.TestClass1" name="testMethod3" time="0.003"/>
  <testcase classname="com.hyr.paralleltest.TestClass1" name="testMethod4" time="0.005"/>
  <testcase classname="com.hyr.paralleltest.TestClass2" name="testMethod5" time="0.005"/>
  <testcase classname="com.hyr.paralleltest.TestClass2" name="testMethod6" time="0.004"/>
  <testcase classname="com.hyr.paralleltest.TestClass2" name="testMethod7" time="0.005"/>
</testsuite> <!-- Test1 -->
