<?xml version="1.0" encoding="UTF-8"?>
<!-- Generated by org.testng.reporters.JUnitXMLReporter -->
<testsuite ignored="0" hostname="DESKTOP-LFL4UKQ" failures="0" tests="4" name="Test3" time="0.144" errors="0" timestamp="2022-07-25T17:04:42 IST">
  <testcase classname="com.hyr.paralleltest.TestClass3" name="testMethod10" time="0.028"/>
  <testcase classname="com.hyr.paralleltest.TestClass3" name="testMethod11" time="0.017"/>
  <testcase classname="com.hyr.paralleltest.TestClass3" name="testMethod8" time="0.004"/>
  <testcase classname="com.hyr.paralleltest.TestClass3" name="testMethod9" time="0.004"/>
</testsuite> <!-- Test3 -->
