<?xml version="1.0" encoding="UTF-8"?>
<!-- Generated by org.testng.reporters.JUnitXMLReporter -->
<testsuite hostname="DESKTOP-T1TKO85" ignored="1" name="Regression Test" tests="4" failures="0" timestamp="20 Sep 2021 12:57:25 GMT" time="0.057" errors="0">
  <testcase name="givePayslip" time="0.017" classname="com.test.PersonalLoan"/>
  <testcase name="webLoginPersonalLoan" time="0.0" classname="com.test.PersonalLoan"/>
  <testcase name="test1" time="0.0" classname="com.test.BasicTestNGAnnotations"/>
  <testcase name="abc" time="0.0" classname="com.test.BasicTestNGAnnotations"/>
  <testcase name="givePersonalDetails" time="0.0" classname="com.test.PersonalLoan">
    <ignored/>
  </testcase> <!-- givePersonalDetails -->
</testsuite> <!-- Regression Test -->
