<?xml version="1.0" encoding="UTF-8"?>
<testng-results ignored="0" total="11" passed="11" failed="0" skipped="0">
  <reporter-output>
  </reporter-output>
  <suite started-at="2022-07-25T17:39:50 IST" name="Suite" finished-at="2022-07-25T17:39:50 IST" duration-ms="280">
    <groups>
    </groups>
    <test started-at="2022-07-25T17:39:50 IST" name="Test1" finished-at="2022-07-25T17:39:50 IST" duration-ms="125">
      <class name="com.hyr.paralleltest.TestClass1">
        <test-method signature="testMethod2()[pri:0, instance:com.hyr.paralleltest.TestClass1@5562c41e]" started-at="2022-07-25T17:39:50 IST" name="testMethod2" finished-at="2022-07-25T17:39:50 IST" duration-ms="14" status="PASS">
          <reporter-output>
          </reporter-output>
        </test-method> <!-- testMethod2 -->
        <test-method signature="testMethod1()[pri:0, instance:com.hyr.paralleltest.TestClass1@5562c41e]" started-at="2022-07-25T17:39:50 IST" name="testMethod1" finished-at="2022-07-25T17:39:50 IST" duration-ms="14" status="PASS">
          <reporter-output>
          </reporter-output>
        </test-method> <!-- testMethod1 -->
        <test-method signature="testMethod3()[pri:0, instance:com.hyr.paralleltest.TestClass1@5562c41e]" started-at="2022-07-25T17:39:50 IST" name="testMethod3" finished-at="2022-07-25T17:39:50 IST" duration-ms="3" status="PASS">
          <reporter-output>
          </reporter-output>
        </test-method> <!-- testMethod3 -->
        <test-method signature="testMethod4()[pri:0, instance:com.hyr.paralleltest.TestClass1@5562c41e]" started-at="2022-07-25T17:39:50 IST" name="testMethod4" finished-at="2022-07-25T17:39:50 IST" duration-ms="5" status="PASS">
          <reporter-output>
          </reporter-output>
        </test-method> <!-- testMethod4 -->
      </class> <!-- com.hyr.paralleltest.TestClass1 -->
      <class name="com.hyr.paralleltest.TestClass2">
        <test-method signature="testMethod5()[pri:0, instance:com.hyr.paralleltest.TestClass2@1e04fa0a]" started-at="2022-07-25T17:39:50 IST" name="testMethod5" finished-at="2022-07-25T17:39:50 IST" duration-ms="5" status="PASS">
          <reporter-output>
          </reporter-output>
        </test-method> <!-- testMethod5 -->
        <test-method signature="testMethod6()[pri:0, instance:com.hyr.paralleltest.TestClass2@1e04fa0a]" started-at="2022-07-25T17:39:50 IST" name="testMethod6" finished-at="2022-07-25T17:39:50 IST" duration-ms="4" status="PASS">
          <reporter-output>
          </reporter-output>
        </test-method> <!-- testMethod6 -->
        <test-method signature="testMethod7()[pri:0, instance:com.hyr.paralleltest.TestClass2@1e04fa0a]" started-at="2022-07-25T17:39:50 IST" name="testMethod7" finished-at="2022-07-25T17:39:50 IST" duration-ms="5" status="PASS">
          <reporter-output>
          </reporter-output>
        </test-method> <!-- testMethod7 -->
      </class> <!-- com.hyr.paralleltest.TestClass2 -->
    </test> <!-- Test1 -->
    <test started-at="2022-07-25T17:39:50 IST" name="Test2" finished-at="2022-07-25T17:39:50 IST" duration-ms="34">
      <class name="com.hyr.paralleltest.TestClass3">
        <test-method signature="testMethod10()[pri:0, instance:com.hyr.paralleltest.TestClass3@6bd61f98]" started-at="2022-07-25T17:39:50 IST" name="testMethod10" finished-at="2022-07-25T17:39:50 IST" duration-ms="2" status="PASS">
          <reporter-output>
          </reporter-output>
        </test-method> <!-- testMethod10 -->
        <test-method signature="testMethod11()[pri:0, instance:com.hyr.paralleltest.TestClass3@6bd61f98]" started-at="2022-07-25T17:39:50 IST" name="testMethod11" finished-at="2022-07-25T17:39:50 IST" duration-ms="2" status="PASS">
          <reporter-output>
          </reporter-output>
        </test-method> <!-- testMethod11 -->
        <test-method signature="testMethod8()[pri:0, instance:com.hyr.paralleltest.TestClass3@6bd61f98]" started-at="2022-07-25T17:39:50 IST" name="testMethod8" finished-at="2022-07-25T17:39:50 IST" duration-ms="1" status="PASS">
          <reporter-output>
          </reporter-output>
        </test-method> <!-- testMethod8 -->
        <test-method signature="testMethod9()[pri:0, instance:com.hyr.paralleltest.TestClass3@6bd61f98]" started-at="2022-07-25T17:39:50 IST" name="testMethod9" finished-at="2022-07-25T17:39:50 IST" duration-ms="2" status="PASS">
          <reporter-output>
          </reporter-output>
        </test-method> <!-- testMethod9 -->
      </class> <!-- com.hyr.paralleltest.TestClass3 -->
    </test> <!-- Test2 -->
  </suite> <!-- Suite -->
</testng-results>
